<?xml version="1.0" encoding="UTF-8"?>
<!-- Generated by org.testng.reporters.JUnitXMLReporter -->
<testsuite ignored="8" hostname="IN-COM-2108-015" failures="0" tests="5" name="Test" time="78.822" errors="0" timestamp="2023-03-26T20:53:28 IST">
  <testcase classname="com.eurowings.testcases.TC001_VerifySearchByRoute_Today" name="runSearchByRoute" time="12.122"/>
  <testcase classname="com.eurowings.testcases.TC002_VerifySearchByRoute_RelevantResultsDisplayedforToday" name="runSearchByRoute" time="12.629"/>
  <testcase classname="com.eurowings.testcases.TC003_VerifySearchByRoute_RelevantResultsDisplayedforTomorrow" name="runSearchByRoute" time="12.559"/>
  <testcase classname="com.eurowings.testcases.TC004_VerifySearchByInvalidRoute" name="runSearchByRoute" time="12.225"/>
  <testcase classname="com.eurowings.testcases.TC005_VerifyAutoSuggestionforSearchQuery" name="runSearchByRoute" time="12.763"/>
  <testcase classname="com.framework.utils.Reporter" name="@AfterSuite endResult" time="0.0">
    <ignored/>
  </testcase> <!-- @AfterSuite endResult -->
  <testcase classname="com.framework.utils.Reporter" name="@AfterSuite endResult" time="0.0">
    <ignored/>
  </testcase> <!-- @AfterSuite endResult -->
  <testcase classname="com.framework.utils.Reporter" name="@AfterSuite endResult" time="0.0">
    <ignored/>
  </testcase> <!-- @AfterSuite endResult -->
  <testcase classname="com.framework.utils.Reporter" name="@AfterSuite endResult" time="0.0">
    <ignored/>
  </testcase> <!-- @AfterSuite endResult -->
  <testcase classname="com.framework.utils.Reporter" name="@BeforeSuite startReport" time="0.0">
    <ignored/>
  </testcase> <!-- @BeforeSuite startReport -->
  <testcase classname="com.framework.utils.Reporter" name="@BeforeSuite startReport" time="0.0">
    <ignored/>
  </testcase> <!-- @BeforeSuite startReport -->
  <testcase classname="com.framework.utils.Reporter" name="@BeforeSuite startReport" time="0.0">
    <ignored/>
  </testcase> <!-- @BeforeSuite startReport -->
  <testcase classname="com.framework.utils.Reporter" name="@BeforeSuite startReport" time="0.0">
    <ignored/>
  </testcase> <!-- @BeforeSuite startReport -->
</testsuite> <!-- Test -->
