<?xml version="1.0" encoding="UTF-8"?>
<testng-results ignored="0" total="1" passed="0" failed="1" skipped="0">
  <reporter-output>
  </reporter-output>
  <suite started-at="2023-03-25T18:45:58 IST" name="Suite" finished-at="2023-03-25T18:47:35 IST" duration-ms="97272">
    <groups>
    </groups>
    <test started-at="2023-03-25T18:45:58 IST" name="Test" finished-at="2023-03-25T18:47:35 IST" duration-ms="97272">
      <class name="com.eurowings.testcases.TC001_VerifySearchByRoute_Today">
        <test-method is-config="true" signature="startReport()[pri:0, instance:com.eurowings.testcases.TC001_VerifySearchByRoute_Today@4fb3ee4e]" started-at="2023-03-25T18:45:58 IST" name="startReport" finished-at="2023-03-25T18:45:58 IST" duration-ms="258" status="PASS">
          <reporter-output>
          </reporter-output>
        </test-method> <!-- startReport -->
        <test-method is-config="true" signature="setValues()[pri:0, instance:com.eurowings.testcases.TC001_VerifySearchByRoute_Today@4fb3ee4e]" started-at="2023-03-25T18:45:58 IST" name="setValues" finished-at="2023-03-25T18:45:58 IST" duration-ms="3" status="PASS">
          <reporter-output>
          </reporter-output>
        </test-method> <!-- setValues -->
        <test-method is-config="true" signature="startTestCase()[pri:0, instance:com.eurowings.testcases.TC001_VerifySearchByRoute_Today@4fb3ee4e]" started-at="2023-03-25T18:45:58 IST" name="startTestCase" finished-at="2023-03-25T18:45:58 IST" duration-ms="11" status="PASS">
          <reporter-output>
          </reporter-output>
        </test-method> <!-- startTestCase -->
        <test-method is-config="true" signature="preCondition()[pri:0, instance:com.eurowings.testcases.TC001_VerifySearchByRoute_Today@4fb3ee4e]" started-at="2023-03-25T18:45:59 IST" name="preCondition" finished-at="2023-03-25T18:46:05 IST" duration-ms="5919" status="PASS">
          <reporter-output>
          </reporter-output>
        </test-method> <!-- preCondition -->
        <test-method signature="runSearchByRoute(java.lang.String, java.lang.String)[pri:0, instance:com.eurowings.testcases.TC001_VerifySearchByRoute_Today@4fb3ee4e]" started-at="2023-03-25T18:46:05 IST" name="runSearchByRoute" data-provider="fetchData" finished-at="2023-03-25T18:47:35 IST" duration-ms="90215" status="FAIL">
          <params>
            <param index="0">
              <value>
                <![CDATA[CGN]]>
              </value>
            </param>
            <param index="1">
              <value>
                <![CDATA[BER]]>
              </value>
            </param>
          </params>
          <exception class="java.lang.RuntimeException">
            <message>
              <![CDATA[See the reporter for details.]]>
            </message>
            <full-stacktrace>
              <![CDATA[java.lang.RuntimeException: See the reporter for details.
at com.framework.utils.Reporter.reportStep(Reporter.java:92)
at com.framework.utils.Reporter.reportStep(Reporter.java:107)
at com.framework.selenium.api.base.SeleniumBase.locateElement(SeleniumBase.java:612)
at com.eurowings.pages.SearchFlightByRoute.agreeCookieConsent(SearchFlightByRoute.java:15)
at com.eurowings.testcases.TC001_VerifySearchByRoute_Today.runSearchByRoute(TC001_VerifySearchByRoute_Today.java:24)
at java.base/jdk.internal.reflect.NativeMethodAccessorImpl.invoke0(Native Method)
at java.base/jdk.internal.reflect.NativeMethodAccessorImpl.invoke(NativeMethodAccessorImpl.java:77)
at java.base/jdk.internal.reflect.DelegatingMethodAccessorImpl.invoke(DelegatingMethodAccessorImpl.java:43)
at java.base/java.lang.reflect.Method.invoke(Method.java:568)
at org.testng.internal.MethodInvocationHelper.invokeMethod(MethodInvocationHelper.java:132)
at org.testng.internal.TestInvoker.invokeMethod(TestInvoker.java:599)
at org.testng.internal.TestInvoker.invokeTestMethod(TestInvoker.java:174)
at org.testng.internal.MethodRunner.runInSequence(MethodRunner.java:46)
at org.testng.internal.TestInvoker$MethodInvocationAgent.invoke(TestInvoker.java:822)
at org.testng.internal.TestInvoker.invokeTestMethods(TestInvoker.java:147)
at org.testng.internal.TestMethodWorker.invokeTestMethods(TestMethodWorker.java:146)
at org.testng.internal.TestMethodWorker.run(TestMethodWorker.java:128)
at java.base/java.util.concurrent.ThreadPoolExecutor.runWorker(ThreadPoolExecutor.java:1136)
at java.base/java.util.concurrent.ThreadPoolExecutor$Worker.run(ThreadPoolExecutor.java:635)
at java.base/java.lang.Thread.run(Thread.java:833)
]]>
            </full-stacktrace>
          </exception> <!-- java.lang.RuntimeException -->
          <reporter-output>
          </reporter-output>
        </test-method> <!-- runSearchByRoute -->
        <test-method is-config="true" signature="postCondition()[pri:0, instance:com.eurowings.testcases.TC001_VerifySearchByRoute_Today@4fb3ee4e]" started-at="2023-03-25T18:47:35 IST" name="postCondition" finished-at="2023-03-25T18:47:35 IST" duration-ms="105" status="PASS">
          <reporter-output>
          </reporter-output>
        </test-method> <!-- postCondition -->
        <test-method is-config="true" signature="endResult()[pri:0, instance:com.eurowings.testcases.TC001_VerifySearchByRoute_Today@4fb3ee4e]" started-at="2023-03-25T18:47:35 IST" name="endResult" finished-at="2023-03-25T18:47:36 IST" duration-ms="492" status="PASS">
          <reporter-output>
          </reporter-output>
        </test-method> <!-- endResult -->
      </class> <!-- com.eurowings.testcases.TC001_VerifySearchByRoute_Today -->
    </test> <!-- Test -->
  </suite> <!-- Suite -->
</testng-results>
